build/app/intermediates/manifest_merge_blame_file/debug/manifest-merger-blame-debug-report.txt
1<?xml version="1.0" encoding="utf-8"?>
2<manifest xmlns:android="http://schemas.android.com/apk/res/android"
3    package="com.exa.kaitou"
4    android:versionCode="1"
5    android:versionName="1.0.0" >
6
7    <uses-sdk
8        android:minSdkVersion="21"
9        android:targetSdkVersion="34" />
10    <!--
11         The INTERNET permission is required for development. Specifically,
12         the Flutter tool needs it to communicate with the running application
13         to allow setting breakpoints, to provide hot reload, etc.
14    -->
15    <uses-permission android:name="android.permission.INTERNET" />
15-->src/debug/AndroidManifest.xml:6:5-66
15-->src/debug/AndroidManifest.xml:6:22-64
16
17    <meta-data
17-->src/debug/AndroidManifest.xml:7:9-9:68
18        android:name="com.google.android.gms.ads.APPLICATION_ID"
18-->src/debug/AndroidManifest.xml:8:12-68
19        android:value="ca-app-pub-8797688860098728~9742679257" />
19-->src/debug/AndroidManifest.xml:9:12-66
20    <!--
21     Required to query activities that can process text, see:
22         https://developer.android.com/training/package-visibility?hl=en and
23         https://developer.android.com/reference/android/content/Intent#ACTION_PROCESS_TEXT.
24
25         In particular, this is used by the Flutter engine in io.flutter.plugin.text.ProcessTextPlugin.
26    -->
27    <queries>
27-->src/main/AndroidManifest.xml:41:5-46:15
28        <intent>
28-->src/main/AndroidManifest.xml:42:9-45:18
29            <action android:name="android.intent.action.PROCESS_TEXT" />
29-->src/main/AndroidManifest.xml:43:13-72
29-->src/main/AndroidManifest.xml:43:21-70
30
31            <data android:mimeType="text/plain" />
31-->src/main/AndroidManifest.xml:44:13-50
31-->src/main/AndroidManifest.xml:44:19-48
32        </intent>
33        <!-- For browser content -->
34        <intent>
34-->[com.google.android.gms:play-services-ads-lite:23.2.0] AndroidManifest.xml:38:9-44:18
35            <action android:name="android.intent.action.VIEW" />
35-->[com.google.android.gms:play-services-ads-lite:23.2.0] AndroidManifest.xml:39:13-65
35-->[com.google.android.gms:play-services-ads-lite:23.2.0] AndroidManifest.xml:39:21-62
36
37            <category android:name="android.intent.category.BROWSABLE" />
37-->[com.google.android.gms:play-services-ads-lite:23.2.0] AndroidManifest.xml:41:13-74
37-->[com.google.android.gms:play-services-ads-lite:23.2.0] AndroidManifest.xml:41:23-71
38
39            <data android:scheme="https" />
39-->src/main/AndroidManifest.xml:44:13-50
40        </intent> <!-- End of browser content -->
41        <!-- For CustomTabsService -->
42        <intent>
42-->[com.google.android.gms:play-services-ads-lite:23.2.0] AndroidManifest.xml:47:9-49:18
43            <action android:name="android.support.customtabs.action.CustomTabsService" />
43-->[com.google.android.gms:play-services-ads-lite:23.2.0] AndroidManifest.xml:48:13-90
43-->[com.google.android.gms:play-services-ads-lite:23.2.0] AndroidManifest.xml:48:21-87
44        </intent>
45        <intent>
45-->[com.android.billingclient:billing:7.0.0] AndroidManifest.xml:13:9-15:18
46            <action android:name="com.android.vending.billing.InAppBillingService.BIND" />
46-->[com.android.billingclient:billing:7.0.0] AndroidManifest.xml:14:13-91
46-->[com.android.billingclient:billing:7.0.0] AndroidManifest.xml:14:21-88
47        </intent>
48    </queries>
49
50    <uses-permission android:name="android.permission.ACCESS_NETWORK_STATE" />
50-->[com.google.firebase:firebase-messaging:22.0.0] AndroidManifest.xml:22:5-79
50-->[com.google.firebase:firebase-messaging:22.0.0] AndroidManifest.xml:22:22-76
51    <uses-permission android:name="android.permission.WAKE_LOCK" /> <!-- Required by older versions of Google Play services to create IID tokens -->
51-->[com.google.firebase:firebase-messaging:22.0.0] AndroidManifest.xml:23:5-68
51-->[com.google.firebase:firebase-messaging:22.0.0] AndroidManifest.xml:23:22-65
52    <uses-permission android:name="com.google.android.c2dm.permission.RECEIVE" />
52-->[com.google.firebase:firebase-messaging:22.0.0] AndroidManifest.xml:25:5-82
52-->[com.google.firebase:firebase-messaging:22.0.0] AndroidManifest.xml:25:22-79
53    <uses-permission android:name="com.google.android.gms.permission.AD_ID" />
53-->[com.google.android.gms:play-services-ads-lite:23.2.0] AndroidManifest.xml:26:5-79
53-->[com.google.android.gms:play-services-ads-lite:23.2.0] AndroidManifest.xml:26:22-76
54    <uses-permission android:name="android.permission.ACCESS_ADSERVICES_AD_ID" />
54-->[com.google.android.gms:play-services-ads-lite:23.2.0] AndroidManifest.xml:27:5-82
54-->[com.google.android.gms:play-services-ads-lite:23.2.0] AndroidManifest.xml:27:22-79
55    <uses-permission android:name="android.permission.ACCESS_ADSERVICES_ATTRIBUTION" />
55-->[com.google.android.gms:play-services-ads-lite:23.2.0] AndroidManifest.xml:28:5-88
55-->[com.google.android.gms:play-services-ads-lite:23.2.0] AndroidManifest.xml:28:22-85
56    <uses-permission android:name="android.permission.ACCESS_ADSERVICES_TOPICS" />
56-->[com.google.android.gms:play-services-ads-lite:23.2.0] AndroidManifest.xml:29:5-83
56-->[com.google.android.gms:play-services-ads-lite:23.2.0] AndroidManifest.xml:29:22-80
57    <uses-permission android:name="com.android.vending.BILLING" />
57-->[com.android.billingclient:billing:7.0.0] AndroidManifest.xml:10:5-67
57-->[com.android.billingclient:billing:7.0.0] AndroidManifest.xml:10:22-64
58    <uses-permission android:name="android.permission.FOREGROUND_SERVICE" />
58-->[androidx.work:work-runtime:2.7.0] AndroidManifest.xml:28:5-77
58-->[androidx.work:work-runtime:2.7.0] AndroidManifest.xml:28:22-74
59
60    <permission
60-->[androidx.core:core:1.13.1] AndroidManifest.xml:22:5-24:47
61        android:name="com.exa.kaitou.DYNAMIC_RECEIVER_NOT_EXPORTED_PERMISSION"
61-->[androidx.core:core:1.13.1] AndroidManifest.xml:23:9-81
62        android:protectionLevel="signature" />
62-->[androidx.core:core:1.13.1] AndroidManifest.xml:24:9-44
63
64    <uses-permission android:name="com.exa.kaitou.DYNAMIC_RECEIVER_NOT_EXPORTED_PERMISSION" />
64-->[androidx.core:core:1.13.1] AndroidManifest.xml:26:5-97
64-->[androidx.core:core:1.13.1] AndroidManifest.xml:26:22-94
65
66    <application
67        android:name="android.app.Application"
68        android:appComponentFactory="androidx.core.app.CoreComponentFactory"
68-->[androidx.core:core:1.13.1] AndroidManifest.xml:28:18-86
69        android:debuggable="true"
70        android:icon="@mipmap/ic_launcher"
71        android:label="kaitou" >
72        <meta-data
72-->src/debug/AndroidManifest.xml:7:9-9:68
73            android:name="com.google.android.gms.ads.APPLICATION_ID"
73-->src/debug/AndroidManifest.xml:8:12-68
74            android:value="ca-app-pub-8797688860098728~9742679257" />
74-->src/debug/AndroidManifest.xml:9:12-66
75
76        <activity
77            android:name="com.exa.kaitou.MainActivity"
78            android:configChanges="orientation|keyboardHidden|keyboard|screenSize|smallestScreenSize|locale|layoutDirection|fontScale|screenLayout|density|uiMode"
79            android:exported="true"
80            android:hardwareAccelerated="true"
81            android:launchMode="singleTop"
82            android:theme="@style/LaunchTheme"
83            android:windowSoftInputMode="adjustResize" >
84
85            <!--
86                 Specifies an Android theme to apply to this Activity as soon as
87                 the Android process has started. This theme is visible to the user
88                 while the Flutter UI initializes. After that, this theme continues
89                 to determine the Window background behind the Flutter UI.
90            -->
91            <meta-data
92                android:name="io.flutter.embedding.android.NormalTheme"
93                android:resource="@style/NormalTheme" />
94
95            <intent-filter>
96                <action android:name="android.intent.action.MAIN" />
97
98                <category android:name="android.intent.category.LAUNCHER" />
99            </intent-filter>
100        </activity>
101        <!--
102             Don't delete the meta-data below.
103             This is used by the Flutter tool to generate GeneratedPluginRegistrant.java
104        -->
105        <meta-data
106            android:name="flutterEmbedding"
107            android:value="2" />
108        <meta-data
108-->[:google_mobile_ads] AndroidManifest.xml:12:9-14:36
109            android:name="io.flutter.embedded_views_preview"
109-->[:google_mobile_ads] AndroidManifest.xml:13:13-61
110            android:value="true" />
110-->[:google_mobile_ads] AndroidManifest.xml:14:13-33
111
112        <activity
112-->[:url_launcher_android] AndroidManifest.xml:10:9-13:74
113            android:name="io.flutter.plugins.urllauncher.WebViewActivity"
113-->[:url_launcher_android] AndroidManifest.xml:11:13-74
114            android:exported="false"
114-->[:url_launcher_android] AndroidManifest.xml:12:13-37
115            android:theme="@android:style/Theme.NoTitleBar.Fullscreen" />
115-->[:url_launcher_android] AndroidManifest.xml:13:13-71
116
117        <receiver
117-->[com.revenuecat.purchases:purchases-store-amazon:8.7.2] AndroidManifest.xml:8:9-15:20
118            android:name="com.amazon.device.iap.ResponseReceiver"
118-->[com.revenuecat.purchases:purchases-store-amazon:8.7.2] AndroidManifest.xml:9:13-66
119            android:exported="true"
119-->[com.revenuecat.purchases:purchases-store-amazon:8.7.2] AndroidManifest.xml:10:13-36
120            android:permission="com.amazon.inapp.purchasing.Permission.NOTIFY" >
120-->[com.revenuecat.purchases:purchases-store-amazon:8.7.2] AndroidManifest.xml:11:13-79
121            <intent-filter>
121-->[com.revenuecat.purchases:purchases-store-amazon:8.7.2] AndroidManifest.xml:12:13-14:29
122                <action android:name="com.amazon.inapp.purchasing.NOTIFY" />
122-->[com.revenuecat.purchases:purchases-store-amazon:8.7.2] AndroidManifest.xml:13:17-77
122-->[com.revenuecat.purchases:purchases-store-amazon:8.7.2] AndroidManifest.xml:13:25-74
123            </intent-filter>
124        </receiver>
125        <receiver
125-->[com.google.firebase:firebase-messaging:22.0.0] AndroidManifest.xml:28:9-35:20
126            android:name="com.google.firebase.iid.FirebaseInstanceIdReceiver"
126-->[com.google.firebase:firebase-messaging:22.0.0] AndroidManifest.xml:29:13-78
127            android:exported="true"
127-->[com.google.firebase:firebase-messaging:22.0.0] AndroidManifest.xml:30:13-36
128            android:permission="com.google.android.c2dm.permission.SEND" >
128-->[com.google.firebase:firebase-messaging:22.0.0] AndroidManifest.xml:31:13-73
129            <intent-filter>
129-->[com.google.firebase:firebase-messaging:22.0.0] AndroidManifest.xml:32:13-34:29
130                <action android:name="com.google.android.c2dm.intent.RECEIVE" />
130-->[com.google.firebase:firebase-messaging:22.0.0] AndroidManifest.xml:33:17-81
130-->[com.google.firebase:firebase-messaging:22.0.0] AndroidManifest.xml:33:25-78
131            </intent-filter>
132        </receiver>
133        <!--
134             FirebaseMessagingService performs security checks at runtime,
135             but set to not exported to explicitly avoid allowing another app to call it.
136        -->
137        <service
137-->[com.google.firebase:firebase-messaging:22.0.0] AndroidManifest.xml:41:9-48:19
138            android:name="com.google.firebase.messaging.FirebaseMessagingService"
138-->[com.google.firebase:firebase-messaging:22.0.0] AndroidManifest.xml:42:13-82
139            android:directBootAware="true"
139-->[com.google.firebase:firebase-messaging:22.0.0] AndroidManifest.xml:43:13-43
140            android:exported="false" >
140-->[com.google.firebase:firebase-messaging:22.0.0] AndroidManifest.xml:44:13-37
141            <intent-filter android:priority="-500" >
141-->[com.google.firebase:firebase-messaging:22.0.0] AndroidManifest.xml:45:13-47:29
141-->[com.google.firebase:firebase-messaging:22.0.0] AndroidManifest.xml:45:28-51
142                <action android:name="com.google.firebase.MESSAGING_EVENT" />
142-->[com.google.firebase:firebase-messaging:22.0.0] AndroidManifest.xml:46:17-78
142-->[com.google.firebase:firebase-messaging:22.0.0] AndroidManifest.xml:46:25-75
143            </intent-filter>
144        </service>
145        <service
145-->[com.google.firebase:firebase-messaging:22.0.0] AndroidManifest.xml:49:9-55:19
146            android:name="com.google.firebase.components.ComponentDiscoveryService"
146-->[com.google.firebase:firebase-messaging:22.0.0] AndroidManifest.xml:50:13-84
147            android:directBootAware="true"
147-->[com.google.firebase:firebase-common:20.0.0] AndroidManifest.xml:35:13-43
148            android:exported="false" >
148-->[com.google.firebase:firebase-messaging:22.0.0] AndroidManifest.xml:51:13-37
149            <meta-data
149-->[com.google.firebase:firebase-messaging:22.0.0] AndroidManifest.xml:52:13-54:85
150                android:name="com.google.firebase.components:com.google.firebase.messaging.FirebaseMessagingRegistrar"
150-->[com.google.firebase:firebase-messaging:22.0.0] AndroidManifest.xml:53:17-119
151                android:value="com.google.firebase.components.ComponentRegistrar" />
151-->[com.google.firebase:firebase-messaging:22.0.0] AndroidManifest.xml:54:17-82
152            <meta-data
152-->[com.google.firebase:firebase-datatransport:18.0.0] AndroidManifest.xml:28:13-30:85
153                android:name="com.google.firebase.components:com.google.firebase.datatransport.TransportRegistrar"
153-->[com.google.firebase:firebase-datatransport:18.0.0] AndroidManifest.xml:29:17-115
154                android:value="com.google.firebase.components.ComponentRegistrar" />
154-->[com.google.firebase:firebase-datatransport:18.0.0] AndroidManifest.xml:30:17-82
155            <meta-data
155-->[com.google.firebase:firebase-installations:17.0.0] AndroidManifest.xml:18:13-20:85
156                android:name="com.google.firebase.components:com.google.firebase.installations.FirebaseInstallationsRegistrar"
156-->[com.google.firebase:firebase-installations:17.0.0] AndroidManifest.xml:19:17-127
157                android:value="com.google.firebase.components.ComponentRegistrar" />
157-->[com.google.firebase:firebase-installations:17.0.0] AndroidManifest.xml:20:17-82
158        </service> <!-- Include the AdActivity and InAppPurchaseActivity configChanges and themes. -->
159        <activity
159-->[com.google.android.gms:play-services-ads-lite:23.2.0] AndroidManifest.xml:56:9-61:43
160            android:name="com.google.android.gms.ads.AdActivity"
160-->[com.google.android.gms:play-services-ads-lite:23.2.0] AndroidManifest.xml:57:13-65
161            android:configChanges="keyboard|keyboardHidden|orientation|screenLayout|uiMode|screenSize|smallestScreenSize"
161-->[com.google.android.gms:play-services-ads-lite:23.2.0] AndroidManifest.xml:58:13-122
162            android:exported="false"
162-->[com.google.android.gms:play-services-ads-lite:23.2.0] AndroidManifest.xml:59:13-37
163            android:theme="@android:style/Theme.Translucent" />
163-->[com.google.android.gms:play-services-ads-lite:23.2.0] AndroidManifest.xml:60:13-61
164
165        <provider
165-->[com.google.android.gms:play-services-ads-lite:23.2.0] AndroidManifest.xml:63:9-68:43
166            android:name="com.google.android.gms.ads.MobileAdsInitProvider"
166-->[com.google.android.gms:play-services-ads-lite:23.2.0] AndroidManifest.xml:64:13-76
167            android:authorities="com.exa.kaitou.mobileadsinitprovider"
167-->[com.google.android.gms:play-services-ads-lite:23.2.0] AndroidManifest.xml:65:13-73
168            android:exported="false"
168-->[com.google.android.gms:play-services-ads-lite:23.2.0] AndroidManifest.xml:66:13-37
169            android:initOrder="100" />
169-->[com.google.android.gms:play-services-ads-lite:23.2.0] AndroidManifest.xml:67:13-36
170
171        <service
171-->[com.google.android.gms:play-services-ads-lite:23.2.0] AndroidManifest.xml:70:9-74:43
172            android:name="com.google.android.gms.ads.AdService"
172-->[com.google.android.gms:play-services-ads-lite:23.2.0] AndroidManifest.xml:71:13-64
173            android:enabled="true"
173-->[com.google.android.gms:play-services-ads-lite:23.2.0] AndroidManifest.xml:72:13-35
174            android:exported="false" />
174-->[com.google.android.gms:play-services-ads-lite:23.2.0] AndroidManifest.xml:73:13-37
175
176        <activity
176-->[com.google.android.gms:play-services-ads-lite:23.2.0] AndroidManifest.xml:76:9-80:43
177            android:name="com.google.android.gms.ads.OutOfContextTestingActivity"
177-->[com.google.android.gms:play-services-ads-lite:23.2.0] AndroidManifest.xml:77:13-82
178            android:configChanges="keyboard|keyboardHidden|orientation|screenLayout|uiMode|screenSize|smallestScreenSize"
178-->[com.google.android.gms:play-services-ads-lite:23.2.0] AndroidManifest.xml:78:13-122
179            android:exported="false" />
179-->[com.google.android.gms:play-services-ads-lite:23.2.0] AndroidManifest.xml:79:13-37
180        <activity
180-->[com.google.android.gms:play-services-ads-lite:23.2.0] AndroidManifest.xml:81:9-88:43
181            android:name="com.google.android.gms.ads.NotificationHandlerActivity"
181-->[com.google.android.gms:play-services-ads-lite:23.2.0] AndroidManifest.xml:82:13-82
182            android:excludeFromRecents="true"
182-->[com.google.android.gms:play-services-ads-lite:23.2.0] AndroidManifest.xml:83:13-46
183            android:exported="false"
183-->[com.google.android.gms:play-services-ads-lite:23.2.0] AndroidManifest.xml:84:13-37
184            android:launchMode="singleTask"
184-->[com.google.android.gms:play-services-ads-lite:23.2.0] AndroidManifest.xml:85:13-44
185            android:taskAffinity=""
185-->[com.google.android.gms:play-services-ads-lite:23.2.0] AndroidManifest.xml:86:13-36
186            android:theme="@android:style/Theme.Translucent.NoTitleBar" />
186-->[com.google.android.gms:play-services-ads-lite:23.2.0] AndroidManifest.xml:87:13-72
187
188        <property
188-->[com.google.android.gms:play-services-ads-lite:23.2.0] AndroidManifest.xml:90:9-92:62
189            android:name="android.adservices.AD_SERVICES_CONFIG"
189-->[com.google.android.gms:play-services-ads-lite:23.2.0] AndroidManifest.xml:91:13-65
190            android:resource="@xml/gma_ad_services_config" />
190-->[com.google.android.gms:play-services-ads-lite:23.2.0] AndroidManifest.xml:92:13-59
191
192        <activity
192-->[com.revenuecat.purchases:purchases:8.7.2] AndroidManifest.xml:10:9-13:75
193            android:name="com.revenuecat.purchases.amazon.purchasing.ProxyAmazonBillingActivity"
193-->[com.revenuecat.purchases:purchases:8.7.2] AndroidManifest.xml:11:13-97
194            android:configChanges="keyboard|keyboardHidden|screenLayout|screenSize|orientation"
194-->[com.revenuecat.purchases:purchases:8.7.2] AndroidManifest.xml:12:13-96
195            android:theme="@android:style/Theme.Translucent.NoTitleBar" />
195-->[com.revenuecat.purchases:purchases:8.7.2] AndroidManifest.xml:13:13-72
196
197        <provider
197-->[com.google.firebase:firebase-common:20.0.0] AndroidManifest.xml:26:9-31:39
198            android:name="com.google.firebase.provider.FirebaseInitProvider"
198-->[com.google.firebase:firebase-common:20.0.0] AndroidManifest.xml:27:13-77
199            android:authorities="com.exa.kaitou.firebaseinitprovider"
199-->[com.google.firebase:firebase-common:20.0.0] AndroidManifest.xml:28:13-72
200            android:directBootAware="true"
200-->[com.google.firebase:firebase-common:20.0.0] AndroidManifest.xml:29:13-43
201            android:exported="false"
201-->[com.google.firebase:firebase-common:20.0.0] AndroidManifest.xml:30:13-37
202            android:initOrder="100" />
202-->[com.google.firebase:firebase-common:20.0.0] AndroidManifest.xml:31:13-36
203
204        <meta-data
204-->[com.android.billingclient:billing:7.0.0] AndroidManifest.xml:19:9-21:37
205            android:name="com.google.android.play.billingclient.version"
205-->[com.android.billingclient:billing:7.0.0] AndroidManifest.xml:20:13-73
206            android:value="7.0.0" />
206-->[com.android.billingclient:billing:7.0.0] AndroidManifest.xml:21:13-34
207
208        <activity
208-->[com.android.billingclient:billing:7.0.0] AndroidManifest.xml:23:9-27:75
209            android:name="com.android.billingclient.api.ProxyBillingActivity"
209-->[com.android.billingclient:billing:7.0.0] AndroidManifest.xml:24:13-78
210            android:configChanges="keyboard|keyboardHidden|screenLayout|screenSize|orientation"
210-->[com.android.billingclient:billing:7.0.0] AndroidManifest.xml:25:13-96
211            android:exported="false"
211-->[com.android.billingclient:billing:7.0.0] AndroidManifest.xml:26:13-37
212            android:theme="@android:style/Theme.Translucent.NoTitleBar" />
212-->[com.android.billingclient:billing:7.0.0] AndroidManifest.xml:27:13-72
213        <activity
213-->[com.android.billingclient:billing:7.0.0] AndroidManifest.xml:28:9-32:75
214            android:name="com.android.billingclient.api.ProxyBillingActivityV2"
214-->[com.android.billingclient:billing:7.0.0] AndroidManifest.xml:29:13-80
215            android:configChanges="keyboard|keyboardHidden|screenLayout|screenSize|orientation"
215-->[com.android.billingclient:billing:7.0.0] AndroidManifest.xml:30:13-96
216            android:exported="false"
216-->[com.android.billingclient:billing:7.0.0] AndroidManifest.xml:31:13-37
217            android:theme="@android:style/Theme.Translucent.NoTitleBar" />
217-->[com.android.billingclient:billing:7.0.0] AndroidManifest.xml:32:13-72
218        <activity
218-->[com.google.android.gms:play-services-base:18.3.0] AndroidManifest.xml:20:9-22:45
219            android:name="com.google.android.gms.common.api.GoogleApiActivity"
219-->[com.google.android.gms:play-services-base:18.3.0] AndroidManifest.xml:20:19-85
220            android:exported="false"
220-->[com.google.android.gms:play-services-base:18.3.0] AndroidManifest.xml:22:19-43
221            android:theme="@android:style/Theme.Translucent.NoTitleBar" />
221-->[com.google.android.gms:play-services-base:18.3.0] AndroidManifest.xml:21:19-78
222
223        <meta-data
223-->[com.google.android.gms:play-services-basement:18.3.0] AndroidManifest.xml:21:9-23:69
224            android:name="com.google.android.gms.version"
224-->[com.google.android.gms:play-services-basement:18.3.0] AndroidManifest.xml:22:13-58
225            android:value="@integer/google_play_services_version" />
225-->[com.google.android.gms:play-services-basement:18.3.0] AndroidManifest.xml:23:13-66
226
227        <uses-library
227-->[androidx.window:window:1.2.0] AndroidManifest.xml:23:9-25:40
228            android:name="androidx.window.extensions"
228-->[androidx.window:window:1.2.0] AndroidManifest.xml:24:13-54
229            android:required="false" />
229-->[androidx.window:window:1.2.0] AndroidManifest.xml:25:13-37
230        <uses-library
230-->[androidx.window:window:1.2.0] AndroidManifest.xml:26:9-28:40
231            android:name="androidx.window.sidecar"
231-->[androidx.window:window:1.2.0] AndroidManifest.xml:27:13-51
232            android:required="false" />
232-->[androidx.window:window:1.2.0] AndroidManifest.xml:28:13-37
233
234        <provider
234-->[androidx.work:work-runtime:2.7.0] AndroidManifest.xml:31:9-39:20
235            android:name="androidx.startup.InitializationProvider"
235-->[androidx.work:work-runtime:2.7.0] AndroidManifest.xml:32:13-67
236            android:authorities="com.exa.kaitou.androidx-startup"
236-->[androidx.work:work-runtime:2.7.0] AndroidManifest.xml:33:13-68
237            android:exported="false" >
237-->[androidx.work:work-runtime:2.7.0] AndroidManifest.xml:34:13-37
238            <meta-data
238-->[androidx.work:work-runtime:2.7.0] AndroidManifest.xml:36:13-38:52
239                android:name="androidx.work.WorkManagerInitializer"
239-->[androidx.work:work-runtime:2.7.0] AndroidManifest.xml:37:17-68
240                android:value="androidx.startup" />
240-->[androidx.work:work-runtime:2.7.0] AndroidManifest.xml:38:17-49
241            <meta-data
241-->[androidx.lifecycle:lifecycle-process:2.7.0] AndroidManifest.xml:29:13-31:52
242                android:name="androidx.lifecycle.ProcessLifecycleInitializer"
242-->[androidx.lifecycle:lifecycle-process:2.7.0] AndroidManifest.xml:30:17-78
243                android:value="androidx.startup" />
243-->[androidx.lifecycle:lifecycle-process:2.7.0] AndroidManifest.xml:31:17-49
244            <meta-data
244-->[androidx.profileinstaller:profileinstaller:1.3.1] AndroidManifest.xml:29:13-31:52
245                android:name="androidx.profileinstaller.ProfileInstallerInitializer"
245-->[androidx.profileinstaller:profileinstaller:1.3.1] AndroidManifest.xml:30:17-85
246                android:value="androidx.startup" />
246-->[androidx.profileinstaller:profileinstaller:1.3.1] AndroidManifest.xml:31:17-49
247        </provider>
248
249        <service
249-->[androidx.work:work-runtime:2.7.0] AndroidManifest.xml:41:9-46:35
250            android:name="androidx.work.impl.background.systemalarm.SystemAlarmService"
250-->[androidx.work:work-runtime:2.7.0] AndroidManifest.xml:42:13-88
251            android:directBootAware="false"
251-->[androidx.work:work-runtime:2.7.0] AndroidManifest.xml:43:13-44
252            android:enabled="@bool/enable_system_alarm_service_default"
252-->[androidx.work:work-runtime:2.7.0] AndroidManifest.xml:44:13-72
253            android:exported="false" />
253-->[androidx.work:work-runtime:2.7.0] AndroidManifest.xml:45:13-37
254        <service
254-->[androidx.work:work-runtime:2.7.0] AndroidManifest.xml:47:9-53:35
255            android:name="androidx.work.impl.background.systemjob.SystemJobService"
255-->[androidx.work:work-runtime:2.7.0] AndroidManifest.xml:48:13-84
256            android:directBootAware="false"
256-->[androidx.work:work-runtime:2.7.0] AndroidManifest.xml:49:13-44
257            android:enabled="@bool/enable_system_job_service_default"
257-->[androidx.work:work-runtime:2.7.0] AndroidManifest.xml:50:13-70
258            android:exported="true"
258-->[androidx.work:work-runtime:2.7.0] AndroidManifest.xml:51:13-36
259            android:permission="android.permission.BIND_JOB_SERVICE" />
259-->[androidx.work:work-runtime:2.7.0] AndroidManifest.xml:52:13-69
260        <service
260-->[androidx.work:work-runtime:2.7.0] AndroidManifest.xml:54:9-59:35
261            android:name="androidx.work.impl.foreground.SystemForegroundService"
261-->[androidx.work:work-runtime:2.7.0] AndroidManifest.xml:55:13-81
262            android:directBootAware="false"
262-->[androidx.work:work-runtime:2.7.0] AndroidManifest.xml:56:13-44
263            android:enabled="@bool/enable_system_foreground_service_default"
263-->[androidx.work:work-runtime:2.7.0] AndroidManifest.xml:57:13-77
264            android:exported="false" />
264-->[androidx.work:work-runtime:2.7.0] AndroidManifest.xml:58:13-37
265
266        <receiver
266-->[androidx.work:work-runtime:2.7.0] AndroidManifest.xml:61:9-66:35
267            android:name="androidx.work.impl.utils.ForceStopRunnable$BroadcastReceiver"
267-->[androidx.work:work-runtime:2.7.0] AndroidManifest.xml:62:13-88
268            android:directBootAware="false"
268-->[androidx.work:work-runtime:2.7.0] AndroidManifest.xml:63:13-44
269            android:enabled="true"
269-->[androidx.work:work-runtime:2.7.0] AndroidManifest.xml:64:13-35
270            android:exported="false" />
270-->[androidx.work:work-runtime:2.7.0] AndroidManifest.xml:65:13-37
271        <receiver
271-->[androidx.work:work-runtime:2.7.0] AndroidManifest.xml:67:9-77:20
272            android:name="androidx.work.impl.background.systemalarm.ConstraintProxy$BatteryChargingProxy"
272-->[androidx.work:work-runtime:2.7.0] AndroidManifest.xml:68:13-106
273            android:directBootAware="false"
273-->[androidx.work:work-runtime:2.7.0] AndroidManifest.xml:69:13-44
274            android:enabled="false"
274-->[androidx.work:work-runtime:2.7.0] AndroidManifest.xml:70:13-36
275            android:exported="false" >
275-->[androidx.work:work-runtime:2.7.0] AndroidManifest.xml:71:13-37
276            <intent-filter>
276-->[androidx.work:work-runtime:2.7.0] AndroidManifest.xml:73:13-76:29
277                <action android:name="android.intent.action.ACTION_POWER_CONNECTED" />
277-->[androidx.work:work-runtime:2.7.0] AndroidManifest.xml:74:17-87
277-->[androidx.work:work-runtime:2.7.0] AndroidManifest.xml:74:25-84
278                <action android:name="android.intent.action.ACTION_POWER_DISCONNECTED" />
278-->[androidx.work:work-runtime:2.7.0] AndroidManifest.xml:75:17-90
278-->[androidx.work:work-runtime:2.7.0] AndroidManifest.xml:75:25-87
279            </intent-filter>
280        </receiver>
281        <receiver
281-->[androidx.work:work-runtime:2.7.0] AndroidManifest.xml:78:9-88:20
282            android:name="androidx.work.impl.background.systemalarm.ConstraintProxy$BatteryNotLowProxy"
282-->[androidx.work:work-runtime:2.7.0] AndroidManifest.xml:79:13-104
283            android:directBootAware="false"
283-->[androidx.work:work-runtime:2.7.0] AndroidManifest.xml:80:13-44
284            android:enabled="false"
284-->[androidx.work:work-runtime:2.7.0] AndroidManifest.xml:81:13-36
285            android:exported="false" >
285-->[androidx.work:work-runtime:2.7.0] AndroidManifest.xml:82:13-37
286            <intent-filter>
286-->[androidx.work:work-runtime:2.7.0] AndroidManifest.xml:84:13-87:29
287                <action android:name="android.intent.action.BATTERY_OKAY" />
287-->[androidx.work:work-runtime:2.7.0] AndroidManifest.xml:85:17-77
287-->[androidx.work:work-runtime:2.7.0] AndroidManifest.xml:85:25-74